<?xml version="1.0" encoding="UTF-8"?>
<!-- Generated by org.testng.reporters.JUnitReportReporter -->
<testsuite hostname="Ameet" failures="0" tests="16" name="testcases.RestAssured_TestCases_PL2" time="30.774" errors="0" timestamp="2025-01-29T20:02:20 IST" skipped="0">
  <testcase classname="testcases.RestAssured_TestCases_PL2" name="getAllDepartmentsTest" time="7.491"/>
  <testcase classname="testcases.RestAssured_TestCases_PL2" name="getAllItemsTest" time="0.965"/>
  <testcase classname="testcases.RestAssured_TestCases_PL2" name="getIncentiveSummaryTest" time="4.541"/>
  <testcase classname="testcases.RestAssured_TestCases_PL2" name="getIncentiveReffSummaryTest" time="0.956"/>
  <testcase classname="testcases.RestAssured_TestCases_PL2" name="getHospitalIncomeIncReportTest" time="2.224"/>
  <testcase classname="testcases.RestAssured_TestCases_PL2" name="getIncenEmpBillItemsTest" time="1.215"/>
  <testcase classname="testcases.RestAssured_TestCases_PL2" name="getInventoryFiscalYearsTest" time="0.967"/>
  <testcase classname="testcases.RestAssured_TestCases_PL2" name="activateInventoryTest" time="0.906"/>
  <testcase classname="testcases.RestAssured_TestCases_PL2" name="inventorySubCategoryTest" time="0.691"/>
  <testcase classname="testcases.RestAssured_TestCases_PL2" name="availableItemsTest" time="0.819"/>
  <testcase classname="testcases.RestAssured_TestCases_PL2" name="validateReferrersFromEmployeeSettingsTest" time="4.911"/>
  <testcase classname="testcases.RestAssured_TestCases_PL2" name="validateLabBillCfgItemsByDepartmentNameTest" time="1.242"/>
  <testcase classname="testcases.RestAssured_TestCases_PL2" name="validatePatientCurrentVisitContextByPatientIdAndVisitIdTest" time="0.769"/>
  <testcase classname="testcases.RestAssured_TestCases_PL2" name="validatePatientBillingContextByPatientIdTest" time="0.887"/>
  <testcase classname="testcases.RestAssured_TestCases_PL2" name="validatePatientNotes" time="1.341"/>
  <testcase classname="testcases.RestAssured_TestCases_PL2" name="validateAdmittedPatientsData" time="0.849"/>
</testsuite> <!-- testcases.RestAssured_TestCases_PL2 -->
