<?xml version="1.0" encoding="UTF-8"?>
<!-- Generated by org.testng.reporters.JUnitReportReporter -->
<testsuite hostname="Ameet" failures="0" tests="1" name="testcases.RestAssured_TestCases_PL1" time="17.427" errors="0" timestamp="2025-01-29T12:36:27 IST" skipped="0">
  <testcase classname="testcases.RestAssured_TestCases_PL1" name="getAllItemsTest" time="17.427"/>
</testsuite> <!-- testcases.RestAssured_TestCases_PL1 -->
